{
  "stats": {
    "suites": 1,
    "tests": 1,
    "passes": 1,
    "pending": 0,
    "failures": 0,
    "start": "2024-12-16T20:22:54.818Z",
    "end": "2024-12-16T20:22:56.748Z",
    "duration": 1930,
    "testsRegistered": 1,
    "passPercent": 100,
    "pendingPercent": 0,
    "other": 0,
    "hasOther": false,
    "skipped": 0,
    "hasSkipped": false
  },
  "results": [
    {
      "uuid": "c9d57b68-28e2-40df-846f-c7199ae4104e",
      "title": "",
      "fullFile": "cypress/e2e/imagens.cy.js",
      "file": "cypress/e2e/imagens.cy.js",
      "beforeHooks": [],
      "afterHooks": [],
      "tests": [],
      "suites": [
        {
          "uuid": "7645888c-1b4f-4e3d-a41a-934a4006e7e4",
          "title": "Imagens",
          "fullFile": "",
          "file": "",
          "beforeHooks": [],
          "afterHooks": [],
          "tests": [
            {
              "title": "Verificando imagens do home",
              "fullTitle": "Imagens Verificando imagens do home",
              "timedOut": null,
              "duration": 477,
              "state": "passed",
              "speed": "fast",
              "pass": true,
              "fail": false,
              "pending": false,
              "context": null,
              "code": "cy.get('#root > main > section > div > div:nth-child(1) > img').should(\"be.visible\");\ncy.get('.cards > :nth-child(2) > img').should(\"be.visible\");\ncy.get(':nth-child(3) > img').should(\"be.visible\");\ncy.get(':nth-child(4) > img').should(\"be.visible\");\ncy.get(':nth-child(5) > img').should(\"be.visible\");\ncy.get(':nth-child(5) > img').should(\"be.visible\");",
              "err": {},
              "uuid": "d5f4b87a-0e90-4b30-a81a-d681b8b3b595",
              "parentUUID": "7645888c-1b4f-4e3d-a41a-934a4006e7e4",
              "isHook": false,
              "skipped": false
            }
          ],
          "suites": [],
          "passes": [
            "d5f4b87a-0e90-4b30-a81a-d681b8b3b595"
          ],
          "failures": [],
          "pending": [],
          "skipped": [],
          "duration": 477,
          "root": false,
          "rootEmpty": false,
          "_timeout": 2000
        }
      ],
      "passes": [],
      "failures": [],
      "pending": [],
      "skipped": [],
      "duration": 0,
      "root": true,
      "rootEmpty": true,
      "_timeout": 2000
    }
  ],
  "meta": {
    "mocha": {
      "version": "7.0.1"
    },
    "mochawesome": {
      "options": {
        "quiet": false,
        "reportFilename": "mochawesome",
        "saveHtml": true,
        "saveJson": true,
        "consoleReporter": "spec",
        "useInlineDiffs": false,
        "code": true
      },
      "version": "7.1.3"
    },
    "marge": {
      "options": {
        "reportDir": "cypress/results",
        "overwrite": false,
        "html": true,
        "json": true,
        "timestamp": "mmddyyyy_HHMMss"
      },
      "version": "6.2.0"
    }
  }
}