{
  "stats": {
    "suites": 1,
    "tests": 1,
    "passes": 0,
    "pending": 0,
    "failures": 1,
    "start": "2024-12-16T20:21:38.859Z",
    "end": "2024-12-16T20:22:09.367Z",
    "duration": 30508,
    "testsRegistered": 1,
    "passPercent": 0,
    "pendingPercent": 0,
    "other": 0,
    "hasOther": false,
    "skipped": 0,
    "hasSkipped": false
  },
  "results": [
    {
      "uuid": "f6689fa0-1f22-42f1-8e8a-92ebb23abbdb",
      "title": "",
      "fullFile": "cypress/e2e/api-mensagem.cy.js",
      "file": "cypress/e2e/api-mensagem.cy.js",
      "beforeHooks": [],
      "afterHooks": [],
      "tests": [],
      "suites": [
        {
          "uuid": "e85311db-0091-43b2-ae73-094208a1d3d8",
          "title": "Api Adopet",
          "fullFile": "",
          "file": "",
          "beforeHooks": [],
          "afterHooks": [],
          "tests": [
            {
              "title": "Mensagens da API",
              "fullTitle": "Api Adopet Mensagens da API",
              "timedOut": null,
              "duration": 30447,
              "state": "failed",
              "speed": null,
              "pass": false,
              "fail": true,
              "pending": false,
              "context": null,
              "code": "cy.request({\n  method: 'GET',\n  url: 'https://adopet-api-i8qu.onrender.com/mensagem/953004c4-18cc-40e2-b97c-358c8728c912',\n  headers: Cypress.env()\n}).then(res => {\n  expect(res.status).to.be.equal(200);\n  expect(res.body).is.not.empty;\n  expect(res.body).to.have.property('msg');\n});",
              "err": {
                "message": "CypressError: `cy.request()` timed out waiting `30000ms` for a response from your server.\n\nThe request we sent was:\n\nMethod: GET\nURL: https://adopet-api-i8qu.onrender.com/mensagem/953004c4-18cc-40e2-b97c-358c8728c912\n\nNo response was received within the timeout.\n\nhttps://on.cypress.io/request",
                "estack": "CypressError: `cy.request()` timed out waiting `30000ms` for a response from your server.\n\nThe request we sent was:\n\nMethod: GET\nURL: https://adopet-api-i8qu.onrender.com/mensagem/953004c4-18cc-40e2-b97c-358c8728c912\n\nNo response was received within the timeout.\n\nhttps://on.cypress.io/request\n    at <unknown> (http://localhost:65236/__cypress/runner/cypress_runner.js:132765:70)\n    at tryCatcher (http://localhost:65236/__cypress/runner/cypress_runner.js:1830:23)\n    at <unknown> (http://localhost:65236/__cypress/runner/cypress_runner.js:4209:41)\n    at tryCatcher (http://localhost:65236/__cypress/runner/cypress_runner.js:1830:23)\n    at Promise._settlePromiseFromHandler (http://localhost:65236/__cypress/runner/cypress_runner.js:1542:31)\n    at Promise._settlePromise (http://localhost:65236/__cypress/runner/cypress_runner.js:1599:18)\n    at Promise._settlePromise0 (http://localhost:65236/__cypress/runner/cypress_runner.js:1644:10)\n    at Promise._settlePromises (http://localhost:65236/__cypress/runner/cypress_runner.js:1720:18)\n    at _drainQueueStep (http://localhost:65236/__cypress/runner/cypress_runner.js:2430:12)\n    at _drainQueue (http://localhost:65236/__cypress/runner/cypress_runner.js:2423:9)\n    at Async._drainQueues (http://localhost:65236/__cypress/runner/cypress_runner.js:2439:5)\n    at Async.drainQueues (http://localhost:65236/__cypress/runner/cypress_runner.js:2309:14)\nFrom Your Spec Code:\n    at Context.eval (webpack://cypress-alura/./cypress/e2e/api-mensagem.cy.js:6:11)",
                "diff": null
              },
              "uuid": "6cdb71df-00bb-4b3f-a3ce-d791cbe58539",
              "parentUUID": "e85311db-0091-43b2-ae73-094208a1d3d8",
              "isHook": false,
              "skipped": false
            }
          ],
          "suites": [],
          "passes": [],
          "failures": [
            "6cdb71df-00bb-4b3f-a3ce-d791cbe58539"
          ],
          "pending": [],
          "skipped": [],
          "duration": 30447,
          "root": false,
          "rootEmpty": false,
          "_timeout": 2000
        }
      ],
      "passes": [],
      "failures": [],
      "pending": [],
      "skipped": [],
      "duration": 0,
      "root": true,
      "rootEmpty": true,
      "_timeout": 2000
    }
  ],
  "meta": {
    "mocha": {
      "version": "7.0.1"
    },
    "mochawesome": {
      "options": {
        "quiet": false,
        "reportFilename": "mochawesome",
        "saveHtml": true,
        "saveJson": true,
        "consoleReporter": "spec",
        "useInlineDiffs": false,
        "code": true
      },
      "version": "7.1.3"
    },
    "marge": {
      "options": {
        "reportDir": "cypress/results",
        "overwrite": false,
        "html": true,
        "json": true,
        "timestamp": "mmddyyyy_HHMMss"
      },
      "version": "6.2.0"
    }
  }
}