{
  "stats": {
    "suites": 1,
    "tests": 2,
    "passes": 2,
    "pending": 0,
    "failures": 0,
    "start": "2024-12-16T20:23:06.737Z",
    "end": "2024-12-16T20:23:12.571Z",
    "duration": 5834,
    "testsRegistered": 2,
    "passPercent": 100,
    "pendingPercent": 0,
    "other": 0,
    "hasOther": false,
    "skipped": 0,
    "hasSkipped": false
  },
  "results": [
    {
      "uuid": "fa7d8f26-edef-4c0a-97e7-5deea9374908",
      "title": "",
      "fullFile": "cypress/e2e/login-incorreto.cy.js",
      "file": "cypress/e2e/login-incorreto.cy.js",
      "beforeHooks": [],
      "afterHooks": [],
      "tests": [],
      "suites": [
        {
          "uuid": "f1c817a8-db20-4692-babf-9204f755329d",
          "title": "Pagina de login",
          "fullFile": "",
          "file": "",
          "beforeHooks": [],
          "afterHooks": [],
          "tests": [
            {
              "title": "Login incorreto",
              "fullTitle": "Pagina de login Login incorreto",
              "timedOut": null,
              "duration": 2238,
              "state": "passed",
              "speed": "fast",
              "pass": true,
              "fail": false,
              "pending": false,
              "context": null,
              "code": "cy.login(\"joaovitor.com\", \"123senha \");\ncy.contains(\"Por favor, verifique o email digitado\").should(\"be.visible\");\ncy.contains(\"A senha deve conter pelo menos uma letra maiúscula\").should(\"be.visible\");",
              "err": {},
              "uuid": "8c7caf2f-7e12-4875-9969-bbd39f0cadb0",
              "parentUUID": "f1c817a8-db20-4692-babf-9204f755329d",
              "isHook": false,
              "skipped": false
            },
            {
              "title": "Falha mesmo que os campos sejam preenchidos corretamente",
              "fullTitle": "Pagina de login Falha mesmo que os campos sejam preenchidos corretamente",
              "timedOut": null,
              "duration": 2116,
              "state": "passed",
              "speed": "fast",
              "pass": true,
              "fail": false,
              "pending": false,
              "context": null,
              "code": "cy.login(\"joaoVitor@gmail.com\", \"Senha123\");\ncy.wait('@stubPost');\ncy.contains(\"Falha no login. Consulte suas credenciais.\").should(\"be.visible\");",
              "err": {},
              "uuid": "f6bc556a-7a2f-4d5f-b23e-cffd856887f1",
              "parentUUID": "f1c817a8-db20-4692-babf-9204f755329d",
              "isHook": false,
              "skipped": false
            }
          ],
          "suites": [],
          "passes": [
            "8c7caf2f-7e12-4875-9969-bbd39f0cadb0",
            "f6bc556a-7a2f-4d5f-b23e-cffd856887f1"
          ],
          "failures": [],
          "pending": [],
          "skipped": [],
          "duration": 4354,
          "root": false,
          "rootEmpty": false,
          "_timeout": 2000
        }
      ],
      "passes": [],
      "failures": [],
      "pending": [],
      "skipped": [],
      "duration": 0,
      "root": true,
      "rootEmpty": true,
      "_timeout": 2000
    }
  ],
  "meta": {
    "mocha": {
      "version": "7.0.1"
    },
    "mochawesome": {
      "options": {
        "quiet": false,
        "reportFilename": "mochawesome",
        "saveHtml": true,
        "saveJson": true,
        "consoleReporter": "spec",
        "useInlineDiffs": false,
        "code": true
      },
      "version": "7.1.3"
    },
    "marge": {
      "options": {
        "reportDir": "cypress/results",
        "overwrite": false,
        "html": true,
        "json": true,
        "timestamp": "mmddyyyy_HHMMss"
      },
      "version": "6.2.0"
    }
  }
}