{
  "stats": {
    "suites": 1,
    "tests": 1,
    "passes": 1,
    "pending": 0,
    "failures": 0,
    "start": "2024-12-16T20:22:59.698Z",
    "end": "2024-12-16T20:23:03.543Z",
    "duration": 3845,
    "testsRegistered": 1,
    "passPercent": 100,
    "pendingPercent": 0,
    "other": 0,
    "hasOther": false,
    "skipped": 0,
    "hasSkipped": false
  },
  "results": [
    {
      "uuid": "c4cad5c4-673b-4702-8390-d110b3727fc6",
      "title": "",
      "fullFile": "cypress/e2e/login-correto.cy.js",
      "file": "cypress/e2e/login-correto.cy.js",
      "beforeHooks": [],
      "afterHooks": [],
      "tests": [],
      "suites": [
        {
          "uuid": "a352b5f6-40a0-4224-9588-8bf21d994817",
          "title": "Pagina de login",
          "fullFile": "",
          "file": "",
          "beforeHooks": [],
          "afterHooks": [],
          "tests": [
            {
              "title": "Login correto",
              "fullTitle": "Pagina de login Login correto",
              "timedOut": null,
              "duration": 2388,
              "state": "passed",
              "speed": "fast",
              "pass": true,
              "fail": false,
              "pending": false,
              "context": null,
              "code": "cy.login(\"joaoVitor@gmail.com\", \"Senha123\");",
              "err": {},
              "uuid": "dd4b55a8-ed32-47b1-8371-2fdf1d9ee74f",
              "parentUUID": "a352b5f6-40a0-4224-9588-8bf21d994817",
              "isHook": false,
              "skipped": false
            }
          ],
          "suites": [],
          "passes": [
            "dd4b55a8-ed32-47b1-8371-2fdf1d9ee74f"
          ],
          "failures": [],
          "pending": [],
          "skipped": [],
          "duration": 2388,
          "root": false,
          "rootEmpty": false,
          "_timeout": 2000
        }
      ],
      "passes": [],
      "failures": [],
      "pending": [],
      "skipped": [],
      "duration": 0,
      "root": true,
      "rootEmpty": true,
      "_timeout": 2000
    }
  ],
  "meta": {
    "mocha": {
      "version": "7.0.1"
    },
    "mochawesome": {
      "options": {
        "quiet": false,
        "reportFilename": "mochawesome",
        "saveHtml": true,
        "saveJson": true,
        "consoleReporter": "spec",
        "useInlineDiffs": false,
        "code": true
      },
      "version": "7.1.3"
    },
    "marge": {
      "options": {
        "reportDir": "cypress/results",
        "overwrite": false,
        "html": true,
        "json": true,
        "timestamp": "mmddyyyy_HHMMss"
      },
      "version": "6.2.0"
    }
  }
}