{
  "stats": {
    "suites": 1,
    "tests": 3,
    "passes": 3,
    "pending": 0,
    "failures": 0,
    "start": "2024-12-11T21:10:23.103Z",
    "end": "2024-12-11T21:10:26.639Z",
    "duration": 3536,
    "testsRegistered": 3,
    "passPercent": 100,
    "pendingPercent": 0,
    "other": 0,
    "hasOther": false,
    "skipped": 0,
    "hasSkipped": false
  },
  "results": [
    {
      "uuid": "1cda2639-7a64-4f3c-b8a0-62b18aa59eee",
      "title": "",
      "fullFile": "cypress/e2e/pagina-inicial.cy.js",
      "file": "cypress/e2e/pagina-inicial.cy.js",
      "beforeHooks": [],
      "afterHooks": [],
      "tests": [],
      "suites": [
        {
          "uuid": "7eae6411-f704-4b8c-8349-685f2f8c0439",
          "title": "Pagina inicial",
          "fullFile": "",
          "file": "",
          "beforeHooks": [],
          "afterHooks": [],
          "tests": [
            {
              "title": "Verificando se o title",
              "fullTitle": "Pagina inicial Verificando se o title",
              "timedOut": null,
              "duration": 335,
              "state": "passed",
              "speed": "fast",
              "pass": true,
              "fail": false,
              "pending": false,
              "context": null,
              "code": "cy.title().should('eq', 'AdoPet');",
              "err": {},
              "uuid": "3abfdf67-143b-4f09-854b-137e88c7a335",
              "parentUUID": "7eae6411-f704-4b8c-8349-685f2f8c0439",
              "isHook": false,
              "skipped": false
            },
            {
              "title": "verificando o texto",
              "fullTitle": "Pagina inicial verificando o texto",
              "timedOut": null,
              "duration": 194,
              "state": "passed",
              "speed": "fast",
              "pass": true,
              "fail": false,
              "pending": false,
              "context": null,
              "code": "cy.contains(\"Quem ama adota!\").should(\"be.visible\");\ncy.contains(\"Adotar pode mudar uma vida. Que tal buscar seu novo melhor amigo hoje? Vem com a gente!\").should(\"be.visible\");",
              "err": {},
              "uuid": "4207b43b-4092-47b3-aa2b-c21cf2413003",
              "parentUUID": "7eae6411-f704-4b8c-8349-685f2f8c0439",
              "isHook": false,
              "skipped": false
            },
            {
              "title": "Tentando fazer login pelo ícone de mensagem",
              "fullTitle": "Pagina inicial Tentando fazer login pelo ícone de mensagem",
              "timedOut": null,
              "duration": 1495,
              "state": "passed",
              "speed": "fast",
              "pass": true,
              "fail": false,
              "pending": false,
              "context": null,
              "code": "cy.get('.header__message').click();\ncy.login(\"joaoVitor@gmail.com\", \"Senha123\");",
              "err": {},
              "uuid": "5c8596e7-0a6c-4424-8b00-117c12a823cf",
              "parentUUID": "7eae6411-f704-4b8c-8349-685f2f8c0439",
              "isHook": false,
              "skipped": false
            }
          ],
          "suites": [],
          "passes": [
            "3abfdf67-143b-4f09-854b-137e88c7a335",
            "4207b43b-4092-47b3-aa2b-c21cf2413003",
            "5c8596e7-0a6c-4424-8b00-117c12a823cf"
          ],
          "failures": [],
          "pending": [],
          "skipped": [],
          "duration": 2024,
          "root": false,
          "rootEmpty": false,
          "_timeout": 2000
        }
      ],
      "passes": [],
      "failures": [],
      "pending": [],
      "skipped": [],
      "duration": 0,
      "root": true,
      "rootEmpty": true,
      "_timeout": 2000
    }
  ],
  "meta": {
    "mocha": {
      "version": "7.0.1"
    },
    "mochawesome": {
      "options": {
        "quiet": false,
        "reportFilename": "mochawesome",
        "saveHtml": true,
        "saveJson": true,
        "consoleReporter": "spec",
        "useInlineDiffs": false,
        "code": true
      },
      "version": "7.1.3"
    },
    "marge": {
      "options": {
        "reportDir": "cypress/results",
        "overwrite": false,
        "html": true,
        "json": true,
        "timestamp": "mmddyyyy_HHMMss"
      },
      "version": "6.2.0"
    }
  }
}