{
  "stats": {
    "suites": 1,
    "tests": 3,
    "passes": 3,
    "pending": 0,
    "failures": 0,
    "start": "2024-12-16T20:23:15.310Z",
    "end": "2024-12-16T20:23:18.700Z",
    "duration": 3390,
    "testsRegistered": 3,
    "passPercent": 100,
    "pendingPercent": 0,
    "other": 0,
    "hasOther": false,
    "skipped": 0,
    "hasSkipped": false
  },
  "results": [
    {
      "uuid": "2ea7b8f7-b381-4089-8c1c-20296edd360f",
      "title": "",
      "fullFile": "cypress/e2e/pagina-inicial.cy.js",
      "file": "cypress/e2e/pagina-inicial.cy.js",
      "beforeHooks": [],
      "afterHooks": [],
      "tests": [],
      "suites": [
        {
          "uuid": "40b5d6d9-4d93-4f5b-ba74-20cde4863f67",
          "title": "Pagina inicial",
          "fullFile": "",
          "file": "",
          "beforeHooks": [],
          "afterHooks": [],
          "tests": [
            {
              "title": "Verificando se o title",
              "fullTitle": "Pagina inicial Verificando se o title",
              "timedOut": null,
              "duration": 263,
              "state": "passed",
              "speed": "fast",
              "pass": true,
              "fail": false,
              "pending": false,
              "context": null,
              "code": "cy.title().should('eq', 'AdoPet');",
              "err": {},
              "uuid": "4dc460a0-49bd-4061-9d0c-f30b99844641",
              "parentUUID": "40b5d6d9-4d93-4f5b-ba74-20cde4863f67",
              "isHook": false,
              "skipped": false
            },
            {
              "title": "verificando o texto",
              "fullTitle": "Pagina inicial verificando o texto",
              "timedOut": null,
              "duration": 163,
              "state": "passed",
              "speed": "fast",
              "pass": true,
              "fail": false,
              "pending": false,
              "context": null,
              "code": "cy.contains(\"Quem ama adota!\").should(\"be.visible\");\ncy.contains(\"Adotar pode mudar uma vida. Que tal buscar seu novo melhor amigo hoje? Vem com a gente!\").should(\"be.visible\");",
              "err": {},
              "uuid": "c3fd860b-dd45-4121-9dc1-b21255be2f78",
              "parentUUID": "40b5d6d9-4d93-4f5b-ba74-20cde4863f67",
              "isHook": false,
              "skipped": false
            },
            {
              "title": "Tentando fazer login pelo ícone de mensagem",
              "fullTitle": "Pagina inicial Tentando fazer login pelo ícone de mensagem",
              "timedOut": null,
              "duration": 1480,
              "state": "passed",
              "speed": "fast",
              "pass": true,
              "fail": false,
              "pending": false,
              "context": null,
              "code": "cy.get('.header__message').click();\ncy.login(\"joaoVitor@gmail.com\", \"Senha123\");",
              "err": {},
              "uuid": "831283a9-8819-4642-b177-2d782120b3c1",
              "parentUUID": "40b5d6d9-4d93-4f5b-ba74-20cde4863f67",
              "isHook": false,
              "skipped": false
            }
          ],
          "suites": [],
          "passes": [
            "4dc460a0-49bd-4061-9d0c-f30b99844641",
            "c3fd860b-dd45-4121-9dc1-b21255be2f78",
            "831283a9-8819-4642-b177-2d782120b3c1"
          ],
          "failures": [],
          "pending": [],
          "skipped": [],
          "duration": 1906,
          "root": false,
          "rootEmpty": false,
          "_timeout": 2000
        }
      ],
      "passes": [],
      "failures": [],
      "pending": [],
      "skipped": [],
      "duration": 0,
      "root": true,
      "rootEmpty": true,
      "_timeout": 2000
    }
  ],
  "meta": {
    "mocha": {
      "version": "7.0.1"
    },
    "mochawesome": {
      "options": {
        "quiet": false,
        "reportFilename": "mochawesome",
        "saveHtml": true,
        "saveJson": true,
        "consoleReporter": "spec",
        "useInlineDiffs": false,
        "code": true
      },
      "version": "7.1.3"
    },
    "marge": {
      "options": {
        "reportDir": "cypress/results",
        "overwrite": false,
        "html": true,
        "json": true,
        "timestamp": "mmddyyyy_HHMMss"
      },
      "version": "6.2.0"
    }
  }
}