{
  "stats": {
    "suites": 1,
    "tests": 1,
    "passes": 1,
    "pending": 0,
    "failures": 0,
    "start": "2024-12-16T20:22:20.680Z",
    "end": "2024-12-16T20:22:24.861Z",
    "duration": 4181,
    "testsRegistered": 1,
    "passPercent": 100,
    "pendingPercent": 0,
    "other": 0,
    "hasOther": false,
    "skipped": 0,
    "hasSkipped": false
  },
  "results": [
    {
      "uuid": "6103d50e-f348-4107-9a99-d66daee78b6a",
      "title": "",
      "fullFile": "cypress/e2e/cadastro-correto.cy.js",
      "file": "cypress/e2e/cadastro-correto.cy.js",
      "beforeHooks": [],
      "afterHooks": [],
      "tests": [],
      "suites": [
        {
          "uuid": "7a009ee7-092b-4f27-8def-fd3997d01ceb",
          "title": "Cadastro da pagina",
          "fullFile": "",
          "file": "",
          "beforeHooks": [],
          "afterHooks": [],
          "tests": [
            {
              "title": "Cadastrar um usuário corretamente preenchendo todos os capmpos",
              "fullTitle": "Cadastro da pagina Cadastrar um usuário corretamente preenchendo todos os capmpos",
              "timedOut": null,
              "duration": 2642,
              "state": "passed",
              "speed": "fast",
              "pass": true,
              "fail": false,
              "pending": false,
              "context": null,
              "code": "cy.cadastro(\"Joao Vitor\", \"joaoVitor@gmail.com\", \"Senha123\");",
              "err": {},
              "uuid": "79cb2e95-0fb8-4f7b-a020-df26c693bc3e",
              "parentUUID": "7a009ee7-092b-4f27-8def-fd3997d01ceb",
              "isHook": false,
              "skipped": false
            }
          ],
          "suites": [],
          "passes": [
            "79cb2e95-0fb8-4f7b-a020-df26c693bc3e"
          ],
          "failures": [],
          "pending": [],
          "skipped": [],
          "duration": 2642,
          "root": false,
          "rootEmpty": false,
          "_timeout": 2000
        }
      ],
      "passes": [],
      "failures": [],
      "pending": [],
      "skipped": [],
      "duration": 0,
      "root": true,
      "rootEmpty": true,
      "_timeout": 2000
    }
  ],
  "meta": {
    "mocha": {
      "version": "7.0.1"
    },
    "mochawesome": {
      "options": {
        "quiet": false,
        "reportFilename": "mochawesome",
        "saveHtml": true,
        "saveJson": true,
        "consoleReporter": "spec",
        "useInlineDiffs": false,
        "code": true
      },
      "version": "7.1.3"
    },
    "marge": {
      "options": {
        "reportDir": "cypress/results",
        "overwrite": false,
        "html": true,
        "json": true,
        "timestamp": "mmddyyyy_HHMMss"
      },
      "version": "6.2.0"
    }
  }
}