{
  "stats": {
    "suites": 1,
    "tests": 1,
    "passes": 0,
    "pending": 0,
    "failures": 1,
    "start": "2024-12-16T20:22:12.090Z",
    "end": "2024-12-16T20:22:17.349Z",
    "duration": 5259,
    "testsRegistered": 1,
    "passPercent": 0,
    "pendingPercent": 0,
    "other": 0,
    "hasOther": false,
    "skipped": 0,
    "hasSkipped": false
  },
  "results": [
    {
      "uuid": "f19d2236-87fb-413a-ac95-5be6e47a3748",
      "title": "",
      "fullFile": "cypress/e2e/api-usuario.cy.js",
      "file": "cypress/e2e/api-usuario.cy.js",
      "beforeHooks": [],
      "afterHooks": [],
      "tests": [],
      "suites": [
        {
          "uuid": "503bbc8f-d8db-4359-a74f-6b26a8ebd0da",
          "title": "Usuário",
          "fullFile": "",
          "file": "",
          "beforeHooks": [],
          "afterHooks": [],
          "tests": [
            {
              "title": "Nome usuário",
              "fullTitle": "Usuário Nome usuário",
              "timedOut": null,
              "duration": 5185,
              "state": "failed",
              "speed": null,
              "pass": false,
              "fail": true,
              "pending": false,
              "context": null,
              "code": "cy.request({\n  method: \"GET\",\n  url: \"https://adopet-api-i8qu.onrender.com/adotante/perfil/953004c4-18cc-40e2-b97c-358c8728c912\",\n  headers: {\n    authorization\n  }\n}).then(res => {\n  expect(res.status).to.be.equal(200);\n  expect(res.body).is.not.empty;\n  expect(res.body).to.have.property(\"perfil\");\n  expect(res.body.perfil.nome).to.be.equal(\"Joao Vitor\");\n});",
              "err": {
                "message": "CypressError: `cy.request()` failed on:\n\nhttps://adopet-api-i8qu.onrender.com/adotante/perfil/953004c4-18cc-40e2-b97c-358c8728c912\n\nThe response we received from your web server was:\n\n  > 520: Unknown Status Code\n\nThis was considered a failure because the status code was not `2xx` or `3xx`.\n\nIf you do not want status codes to cause failures pass the option: `failOnStatusCode: false`\n\n-----------------------------------------------------------\n\nThe request we sent was:\n\nMethod: GET\nURL: https://adopet-api-i8qu.onrender.com/adotante/perfil/953004c4-18cc-40e2-b97c-358c8728c912\nHeaders: {\n  \"Connection\": \"keep-alive\",\n  \"authorization\": \"eyJhbGciOiJIUzI1NiIsInR5cCI6IkpXVCJ9.eyJzdWIiOiI5NTMwMDRjNC0xOGNjLTQwZTItYjk3Yy0zNThjODcyOGM5MTIiLCJhZG9wdGVyTmFtZSI6IkpvYW8gVml0b3IiLCJpYXQiOjE3MzQzNzYyMzAsImV4cCI6MTczNDYzNTQzMH0.2pFTWoC47NO2mEl6sIS827pxY5Z5jsX9QcdcdFTqSJg\",\n  \"user-agent\": \"Mozilla/5.0 (Macintosh; Intel Mac OS X 10_15_7) AppleWebKit/537.36 (KHTML, like Gecko) Cypress/13.16.1 Chrome/118.0.5993.159 Electron/27.3.10 Safari/537.36\",\n  \"accept\": \"*/*\",\n  \"accept-encoding\": \"gzip, deflate\"\n}\n\n-----------------------------------------------------------\n\nThe response we got was:\n\nStatus: 520 - Unknown Status Code\nHeaders: {\n  \"date\": \"Mon, 16 Dec 2024 20:22:16 GMT\",\n  \"content-type\": \"text/html; charset=UTF-8\",\n  \"content-length\": \"7264\",\n  \"connection\": \"keep-alive\",\n  \"cf-ray\": \"8f3162565e90626d-GRU\",\n  \"cache-control\": \"private, max-age=0, no-store, no-cache, must-revalidate, post-check=0, pre-check=0\",\n  \"expires\": \"Thu, 01 Jan 1970 00:00:01 GMT\",\n  \"referrer-policy\": \"same-origin\",\n  \"x-frame-options\": \"SAMEORIGIN\",\n  \"vary\": \"Accept-Encoding\",\n  \"server\": \"cloudflare\",\n  \"alt-svc\": \"h3=\\\":443\\\"; ma=86400\"\n}\nBody: <!DOCTYPE html>\n<!--[if lt IE 7]> <html class=\"no-js ie6 oldie\" lang=\"en-US\"> <![endif]-->\n<!--[if IE 7]>    <html class=\"no-js ie7 oldie\" lang=\"en-US\"> <![endif]-->\n<!--[if IE 8]>    <html class=\"no-js ie8 oldie\" lang=\"en-US\"> <![endif]-->\n<!--[if gt IE 8]><!--> <html class=\"no-js\" lang=\"en-US\"> <!--<![endif]-->\n<head>\n\n<title>adopet-api-i8qu.onrender.com | 520: Web server is returning an unknown error</title>\n<meta charset=\"UTF-8\" />\n<meta http-equiv=\"Content-Type\" content=\"text/html; charset=UTF-8\" />\n<meta http-equiv=\"X-UA-Compatible\" content=\"IE=Edge\" />\n<meta name=\"robots\" content=\"noindex, nofollow\" />\n<meta name=\"viewport\" content=\"width=device-width,initial-scale=1\" />\n<link rel=\"stylesheet\" id=\"cf_styles-css\" href=\"/cdn-cgi/styles/main.css\" />\n\n</head>\n<body>\n<div id=\"cf-wrapper\">\n    <div id=\"cf-error-details\" class=\"p-0\">\n        <header class=\"mx-auto pt-10 lg:pt-6 lg:px-8 w-240 lg:w-full mb-8\">\n  <h1 class=\"inline-block sm:block sm:mb-2 font-light text-60 lg:text-4xl text-black-dark leading-tight mr-2\">\n    <span class=\"inline-block\">Web server is returning an unknown error</span>\n    <span class=\"code-label\">Error code 520</span>\n  </h1>\n  <div>\n     Visit <a href=\"https://www.cloudflare.com/5xx-error-landing?utm_source=errorcode_520&utm_campaign=adopet-api-i8qu.onrender.com\" target=\"_blank\" rel=\"noopener noreferrer\">cloudflare.com</a> for more information.\n  </div>\n  <div class=\"mt-3\">2024-12-16 20:22:16 UTC</div>\n        </header>\n        <div class=\"my-8 bg-gradient-gray\">\n  <div class=\"w-240 lg:w-full mx-auto\">\n      <div class=\"clearfix md:px-8\">\n        \n<div id=\"cf-browser-status\" class=\" relative w-1/3 md:w-full py-15 md:p-0 md:py-8 md:text-left md:border-solid md:border-0 md:border-b md:border-gray-400 overflow-hidden float-left md:float-none text-center\">\n  <div class=\"relative mb-10 md:m-0\">\n    \n    <span class=\"cf-icon-browse...\n\n\nhttps://on.cypress.io/request",
                "estack": "CypressError: `cy.request()` failed on:\n\nhttps://adopet-api-i8qu.onrender.com/adotante/perfil/953004c4-18cc-40e2-b97c-358c8728c912\n\nThe response we received from your web server was:\n\n  > 520: Unknown Status Code\n\nThis was considered a failure because the status code was not `2xx` or `3xx`.\n\nIf you do not want status codes to cause failures pass the option: `failOnStatusCode: false`\n\n-----------------------------------------------------------\n\nThe request we sent was:\n\nMethod: GET\nURL: https://adopet-api-i8qu.onrender.com/adotante/perfil/953004c4-18cc-40e2-b97c-358c8728c912\nHeaders: {\n  \"Connection\": \"keep-alive\",\n  \"authorization\": \"eyJhbGciOiJIUzI1NiIsInR5cCI6IkpXVCJ9.eyJzdWIiOiI5NTMwMDRjNC0xOGNjLTQwZTItYjk3Yy0zNThjODcyOGM5MTIiLCJhZG9wdGVyTmFtZSI6IkpvYW8gVml0b3IiLCJpYXQiOjE3MzQzNzYyMzAsImV4cCI6MTczNDYzNTQzMH0.2pFTWoC47NO2mEl6sIS827pxY5Z5jsX9QcdcdFTqSJg\",\n  \"user-agent\": \"Mozilla/5.0 (Macintosh; Intel Mac OS X 10_15_7) AppleWebKit/537.36 (KHTML, like Gecko) Cypress/13.16.1 Chrome/118.0.5993.159 Electron/27.3.10 Safari/537.36\",\n  \"accept\": \"*/*\",\n  \"accept-encoding\": \"gzip, deflate\"\n}\n\n-----------------------------------------------------------\n\nThe response we got was:\n\nStatus: 520 - Unknown Status Code\nHeaders: {\n  \"date\": \"Mon, 16 Dec 2024 20:22:16 GMT\",\n  \"content-type\": \"text/html; charset=UTF-8\",\n  \"content-length\": \"7264\",\n  \"connection\": \"keep-alive\",\n  \"cf-ray\": \"8f3162565e90626d-GRU\",\n  \"cache-control\": \"private, max-age=0, no-store, no-cache, must-revalidate, post-check=0, pre-check=0\",\n  \"expires\": \"Thu, 01 Jan 1970 00:00:01 GMT\",\n  \"referrer-policy\": \"same-origin\",\n  \"x-frame-options\": \"SAMEORIGIN\",\n  \"vary\": \"Accept-Encoding\",\n  \"server\": \"cloudflare\",\n  \"alt-svc\": \"h3=\\\":443\\\"; ma=86400\"\n}\nBody: <!DOCTYPE html>\n<!--[if lt IE 7]> <html class=\"no-js ie6 oldie\" lang=\"en-US\"> <![endif]-->\n<!--[if IE 7]>    <html class=\"no-js ie7 oldie\" lang=\"en-US\"> <![endif]-->\n<!--[if IE 8]>    <html class=\"no-js ie8 oldie\" lang=\"en-US\"> <![endif]-->\n<!--[if gt IE 8]><!--> <html class=\"no-js\" lang=\"en-US\"> <!--<![endif]-->\n<head>\n\n<title>adopet-api-i8qu.onrender.com | 520: Web server is returning an unknown error</title>\n<meta charset=\"UTF-8\" />\n<meta http-equiv=\"Content-Type\" content=\"text/html; charset=UTF-8\" />\n<meta http-equiv=\"X-UA-Compatible\" content=\"IE=Edge\" />\n<meta name=\"robots\" content=\"noindex, nofollow\" />\n<meta name=\"viewport\" content=\"width=device-width,initial-scale=1\" />\n<link rel=\"stylesheet\" id=\"cf_styles-css\" href=\"/cdn-cgi/styles/main.css\" />\n\n</head>\n<body>\n<div id=\"cf-wrapper\">\n    <div id=\"cf-error-details\" class=\"p-0\">\n        <header class=\"mx-auto pt-10 lg:pt-6 lg:px-8 w-240 lg:w-full mb-8\">\n  <h1 class=\"inline-block sm:block sm:mb-2 font-light text-60 lg:text-4xl text-black-dark leading-tight mr-2\">\n    <span class=\"inline-block\">Web server is returning an unknown error</span>\n    <span class=\"code-label\">Error code 520</span>\n  </h1>\n  <div>\n     Visit <a href=\"https://www.cloudflare.com/5xx-error-landing?utm_source=errorcode_520&utm_campaign=adopet-api-i8qu.onrender.com\" target=\"_blank\" rel=\"noopener noreferrer\">cloudflare.com</a> for more information.\n  </div>\n  <div class=\"mt-3\">2024-12-16 20:22:16 UTC</div>\n        </header>\n        <div class=\"my-8 bg-gradient-gray\">\n  <div class=\"w-240 lg:w-full mx-auto\">\n      <div class=\"clearfix md:px-8\">\n        \n<div id=\"cf-browser-status\" class=\" relative w-1/3 md:w-full py-15 md:p-0 md:py-8 md:text-left md:border-solid md:border-0 md:border-b md:border-gray-400 overflow-hidden float-left md:float-none text-center\">\n  <div class=\"relative mb-10 md:m-0\">\n    \n    <span class=\"cf-icon-browse...\n\n\nhttps://on.cypress.io/request\n    at <unknown> (http://localhost:65236/__cypress/runner/cypress_runner.js:132748:72)\n    at tryCatcher (http://localhost:65236/__cypress/runner/cypress_runner.js:1830:23)\n    at Promise._settlePromiseFromHandler (http://localhost:65236/__cypress/runner/cypress_runner.js:1542:31)\n    at Promise._settlePromise (http://localhost:65236/__cypress/runner/cypress_runner.js:1599:18)\n    at Promise._settlePromise0 (http://localhost:65236/__cypress/runner/cypress_runner.js:1644:10)\n    at Promise._settlePromises (http://localhost:65236/__cypress/runner/cypress_runner.js:1724:18)\n    at _drainQueueStep (http://localhost:65236/__cypress/runner/cypress_runner.js:2430:12)\n    at _drainQueue (http://localhost:65236/__cypress/runner/cypress_runner.js:2423:9)\n    at Async._drainQueues (http://localhost:65236/__cypress/runner/cypress_runner.js:2439:5)\n    at Async.drainQueues (http://localhost:65236/__cypress/runner/cypress_runner.js:2309:14)\nFrom Your Spec Code:\n    at Context.eval (webpack://cypress-alura/./cypress/e2e/api-usuario.cy.js:7:11)",
                "diff": null
              },
              "uuid": "f1f45a5e-b067-4916-9fcb-bef343f0100d",
              "parentUUID": "503bbc8f-d8db-4359-a74f-6b26a8ebd0da",
              "isHook": false,
              "skipped": false
            }
          ],
          "suites": [],
          "passes": [],
          "failures": [
            "f1f45a5e-b067-4916-9fcb-bef343f0100d"
          ],
          "pending": [],
          "skipped": [],
          "duration": 5185,
          "root": false,
          "rootEmpty": false,
          "_timeout": 2000
        }
      ],
      "passes": [],
      "failures": [],
      "pending": [],
      "skipped": [],
      "duration": 0,
      "root": true,
      "rootEmpty": true,
      "_timeout": 2000
    }
  ],
  "meta": {
    "mocha": {
      "version": "7.0.1"
    },
    "mochawesome": {
      "options": {
        "quiet": false,
        "reportFilename": "mochawesome",
        "saveHtml": true,
        "saveJson": true,
        "consoleReporter": "spec",
        "useInlineDiffs": false,
        "code": true
      },
      "version": "7.1.3"
    },
    "marge": {
      "options": {
        "reportDir": "cypress/results",
        "overwrite": false,
        "html": true,
        "json": true,
        "timestamp": "mmddyyyy_HHMMss"
      },
      "version": "6.2.0"
    }
  }
}