{
  "stats": {
    "suites": 1,
    "tests": 1,
    "passes": 1,
    "pending": 0,
    "failures": 0,
    "start": "2024-12-11T21:10:16.185Z",
    "end": "2024-12-11T21:10:19.837Z",
    "duration": 3652,
    "testsRegistered": 1,
    "passPercent": 100,
    "pendingPercent": 0,
    "other": 0,
    "hasOther": false,
    "skipped": 0,
    "hasSkipped": false
  },
  "results": [
    {
      "uuid": "802ba911-be5a-47cc-ab33-d570e8f20caa",
      "title": "",
      "fullFile": "cypress/e2e/login-incorreto.cy.js",
      "file": "cypress/e2e/login-incorreto.cy.js",
      "beforeHooks": [],
      "afterHooks": [],
      "tests": [],
      "suites": [
        {
          "uuid": "6dcb60fc-86b1-441f-ab96-0320838af35c",
          "title": "Pagina de login",
          "fullFile": "",
          "file": "",
          "beforeHooks": [],
          "afterHooks": [],
          "tests": [
            {
              "title": "Login incorreto",
              "fullTitle": "Pagina de login Login incorreto",
              "timedOut": null,
              "duration": 2174,
              "state": "passed",
              "speed": "fast",
              "pass": true,
              "fail": false,
              "pending": false,
              "context": null,
              "code": "cy.login(\"joaovitor.com\", \"123senha \");\ncy.contains(\"Por favor, verifique o email digitado\").should(\"be.visible\");\ncy.contains(\"A senha deve conter pelo menos uma letra maiúscula\").should(\"be.visible\");",
              "err": {},
              "uuid": "627e7e16-6b03-4c6f-b1d2-764c7df0dfd7",
              "parentUUID": "6dcb60fc-86b1-441f-ab96-0320838af35c",
              "isHook": false,
              "skipped": false
            }
          ],
          "suites": [],
          "passes": [
            "627e7e16-6b03-4c6f-b1d2-764c7df0dfd7"
          ],
          "failures": [],
          "pending": [],
          "skipped": [],
          "duration": 2174,
          "root": false,
          "rootEmpty": false,
          "_timeout": 2000
        }
      ],
      "passes": [],
      "failures": [],
      "pending": [],
      "skipped": [],
      "duration": 0,
      "root": true,
      "rootEmpty": true,
      "_timeout": 2000
    }
  ],
  "meta": {
    "mocha": {
      "version": "7.0.1"
    },
    "mochawesome": {
      "options": {
        "quiet": false,
        "reportFilename": "mochawesome",
        "saveHtml": true,
        "saveJson": true,
        "consoleReporter": "spec",
        "useInlineDiffs": false,
        "code": true
      },
      "version": "7.1.3"
    },
    "marge": {
      "options": {
        "reportDir": "cypress/results",
        "overwrite": false,
        "html": true,
        "json": true,
        "timestamp": "mmddyyyy_HHMMss"
      },
      "version": "6.2.0"
    }
  }
}